# JRE version: Java(TM) SE Runtime Environment (8.0_112-b15) (build 1.8.0_112-b15)
# Java VM: Java HotSpot(TM) 64-Bit Server VM (25.112-b15 mixed mode windows-amd64 compressed oops)
Heap:
 PSYoungGen      total 58880K, used 51042K [0x00000007bc400000, 0x00000007c0000000, 0x00000007c0000000)
  eden space 56320K, 89% used [0x00000007bc400000,0x00000007bf520aa8,0x00000007bfb00000)
  from space 2560K, 28% used [0x00000007bfd80000,0x00000007bfe38000,0x00000007c0000000)
  to   space 2560K, 0% used [0x00000007bfb00000,0x00000007bfb00000,0x00000007bfd80000)
 ParOldGen       total 169984K, used 150747K [0x0000000700000000, 0x000000070a600000, 0x00000007bc400000)
  object space 169984K, 88% used [0x0000000700000000,0x0000000709336dd8,0x000000070a600000)
 Metaspace       used 87779K, capacity 88569K, committed 89304K, reserved 1126400K
  class space    used 12091K, capacity 12234K, committed 12248K, reserved 1048576K
GC Heap History (10 events):
Event: 13579.801 GC heap before
{Heap before GC invocations=1136 (full 60):
 PSYoungGen      total 57856K, used 54720K [0x00000007bc400000, 0x00000007c0000000, 0x00000007c0000000)
  eden space 54272K, 100% used [0x00000007bc400000,0x00000007bf900000,0x00000007bf900000)
  from space 3584K, 12% used [0x00000007bf900000,0x00000007bf970000,0x00000007bfc80000)
  to   space 3072K, 0% used [0x00000007bfd00000,0x00000007bfd00000,0x00000007c0000000)
 ParOldGen       total 169984K, used 150747K [0x0000000700000000, 0x000000070a600000, 0x00000007bc400000)
  object space 169984K, 88% used [0x0000000700000000,0x0000000709336dd8,0x000000070a600000)
 Metaspace       used 87772K, capacity 88557K, committed 89304K, reserved 1126400K
  class space    used 12089K, capacity 12232K, committed 12248K, reserved 1048576K
Event: 13579.808 GC heap after
Heap after GC invocations=1136 (full 60):
 PSYoungGen      total 58368K, used 448K [0x00000007bc400000, 0x00000007c0000000, 0x00000007c0000000)
  eden space 55296K, 0% used [0x00000007bc400000,0x00000007bc400000,0x00000007bfa00000)
  from space 3072K, 14% used [0x00000007bfd00000,0x00000007bfd70000,0x00000007c0000000)
  to   space 3072K, 0% used [0x00000007bfa00000,0x00000007bfa00000,0x00000007bfd00000)
 ParOldGen       total 169984K, used 150747K [0x0000000700000000, 0x000000070a600000, 0x00000007bc400000)
  object space 169984K, 88% used [0x0000000700000000,0x0000000709336dd8,0x000000070a600000)
 Metaspace       used 87772K, capacity 88557K, committed 89304K, reserved 1126400K
  class space    used 12089K, capacity 12232K, committed 12248K, reserved 1048576K
}
Event: 13630.540 GC heap before
{Heap before GC invocations=1137 (full 60):
 PSYoungGen      total 58368K, used 55744K [0x00000007bc400000, 0x00000007c0000000, 0x00000007c0000000)
  eden space 55296K, 100% used [0x00000007bc400000,0x00000007bfa00000,0x00000007bfa00000)
  from space 3072K, 14% used [0x00000007bfd00000,0x00000007bfd70000,0x00000007c0000000)
  to   space 3072K, 0% used [0x00000007bfa00000,0x00000007bfa00000,0x00000007bfd00000)
 ParOldGen       total 169984K, used 150747K [0x0000000700000000, 0x000000070a600000, 0x00000007bc400000)
  object space 169984K, 88% used [0x0000000700000000,0x0000000709336dd8,0x000000070a600000)
 Metaspace       used 87772K, capacity 88557K, committed 89304K, reserved 1126400K
  class space    used 12089K, capacity 12232K, committed 12248K, reserved 1048576K
Event: 13630.549 GC heap after
Heap after GC invocations=1137 (full 60):
 PSYoungGen      total 58368K, used 480K [0x00000007bc400000, 0x00000007c0000000, 0x00000007c0000000)
  eden space 55296K, 0% used [0x00000007bc400000,0x00000007bc400000,0x00000007bfa00000)
  from space 3072K, 15% used [0x00000007bfa00000,0x00000007bfa78000,0x00000007bfd00000)
  to   space 2560K, 0% used [0x00000007bfd80000,0x00000007bfd80000,0x00000007c0000000)
 ParOldGen       total 169984K, used 150747K [0x0000000700000000, 0x000000070a600000, 0x00000007bc400000)
  object space 169984K, 88% used [0x0000000700000000,0x0000000709336dd8,0x000000070a600000)
 Metaspace       used 87772K, capacity 88557K, committed 89304K, reserved 1126400K
  class space    used 12089K, capacity 12232K, committed 12248K, reserved 1048576K
}
Event: 13681.523 GC heap before
{Heap before GC invocations=1138 (full 60):
 PSYoungGen      total 58368K, used 55776K [0x00000007bc400000, 0x00000007c0000000, 0x00000007c0000000)
  eden space 55296K, 100% used [0x00000007bc400000,0x00000007bfa00000,0x00000007bfa00000)
  from space 3072K, 15% used [0x00000007bfa00000,0x00000007bfa78000,0x00000007bfd00000)
  to   space 2560K, 0% used [0x00000007bfd80000,0x00000007bfd80000,0x00000007c0000000)
 ParOldGen       total 169984K, used 150747K [0x0000000700000000, 0x000000070a600000, 0x00000007bc400000)
  object space 169984K, 88% used [0x0000000700000000,0x0000000709336dd8,0x000000070a600000)
 Metaspace       used 87772K, capacity 88557K, committed 89304K, reserved 1126400K
  class space    used 12089K, capacity 12232K, committed 12248K, reserved 1048576K
Event: 13681.534 GC heap after
Heap after GC invocations=1138 (full 60):
 PSYoungGen      total 58880K, used 416K [0x00000007bc400000, 0x00000007c0000000, 0x00000007c0000000)
  eden space 56320K, 0% used [0x00000007bc400000,0x00000007bc400000,0x00000007bfb00000)
  from space 2560K, 16% used [0x00000007bfd80000,0x00000007bfde8000,0x00000007c0000000)
  to   space 2560K, 0% used [0x00000007bfb00000,0x00000007bfb00000,0x00000007bfd80000)
 ParOldGen       total 169984K, used 150747K [0x0000000700000000, 0x000000070a600000, 0x00000007bc400000)
  object space 169984K, 88% used [0x0000000700000000,0x0000000709336dd8,0x000000070a600000)
 Metaspace       used 87772K, capacity 88557K, committed 89304K, reserved 1126400K
  class space    used 12089K, capacity 12232K, committed 12248K, reserved 1048576K
}
Event: 13715.599 GC heap before
{Heap before GC invocations=1139 (full 60):
 PSYoungGen      total 58880K, used 56736K [0x00000007bc400000, 0x00000007c0000000, 0x00000007c0000000)
  eden space 56320K, 100% used [0x00000007bc400000,0x00000007bfb00000,0x00000007bfb00000)
  from space 2560K, 16% used [0x00000007bfd80000,0x00000007bfde8000,0x00000007c0000000)
  to   space 2560K, 0% used [0x00000007bfb00000,0x00000007bfb00000,0x00000007bfd80000)
 ParOldGen       total 169984K, used 150747K [0x0000000700000000, 0x000000070a600000, 0x00000007bc400000)
  object space 169984K, 88% used [0x0000000700000000,0x0000000709336dd8,0x000000070a600000)
 Metaspace       used 87772K, capacity 88557K, committed 89304K, reserved 1126400K
  class space    used 12089K, capacity 12232K, committed 12248K, reserved 1048576K
Event: 13715.608 GC heap after
Heap after GC invocations=1139 (full 60):
 PSYoungGen      total 58880K, used 448K [0x00000007bc400000, 0x00000007c0000000, 0x00000007c0000000)
  eden space 56320K, 0% used [0x00000007bc400000,0x00000007bc400000,0x00000007bfb00000)
  from space 2560K, 17% used [0x00000007bfb00000,0x00000007bfb70000,0x00000007bfd80000)
  to   space 2560K, 0% used [0x00000007bfd80000,0x00000007bfd80000,0x00000007c0000000)
 ParOldGen       total 169984K, used 150747K [0x0000000700000000, 0x000000070a600000, 0x00000007bc400000)
  object space 169984K, 88% used [0x0000000700000000,0x0000000709336dd8,0x000000070a600000)
 Metaspace       used 87772K, capacity 88557K, committed 89304K, reserved 1126400K
  class space    used 12089K, capacity 12232K, committed 12248K, reserved 1048576K
}
Event: 13726.947 GC heap before
{Heap before GC invocations=1140 (full 60):
 PSYoungGen      total 58880K, used 56768K [0x00000007bc400000, 0x00000007c0000000, 0x00000007c0000000)
  eden space 56320K, 100% used [0x00000007bc400000,0x00000007bfb00000,0x00000007bfb00000)
  from space 2560K, 17% used [0x00000007bfb00000,0x00000007bfb70000,0x00000007bfd80000)
  to   space 2560K, 0% used [0x00000007bfd80000,0x00000007bfd80000,0x00000007c0000000)
 ParOldGen       total 169984K, used 150747K [0x0000000700000000, 0x000000070a600000, 0x00000007bc400000)
  object space 169984K, 88% used [0x0000000700000000,0x0000000709336dd8,0x000000070a600000)
 Metaspace       used 87772K, capacity 88557K, committed 89304K, reserved 1126400K
  class space    used 12089K, capacity 12232K, committed 12248K, reserved 1048576K
Event: 13726.953 GC heap after
Heap after GC invocations=1140 (full 60):
 PSYoungGen      total 58880K, used 736K [0x00000007bc400000, 0x00000007c0000000, 0x00000007c0000000)
  eden space 56320K, 0% used [0x00000007bc400000,0x00000007bc400000,0x00000007bfb00000)
  from space 2560K, 28% used [0x00000007bfd80000,0x00000007bfe38000,0x00000007c0000000)
  to   space 2560K, 0% used [0x00000007bfb00000,0x00000007bfb00000,0x00000007bfd80000)
 ParOldGen       total 169984K, used 150747K [0x0000000700000000, 0x000000070a600000, 0x00000007bc400000)
  object space 169984K, 88% used [0x0000000700000000,0x0000000709336dd8,0x000000070a600000)
 Metaspace       used 87772K, capacity 88557K, committed 89304K, reserved 1126400K
  class space    used 12089K, capacity 12232K, committed 12248K, reserved 1048576K
}

